<?xml version="1.0" encoding="UTF-8"?>
<testng-results skipped="0" failed="0" ignored="0" total="3" passed="3">
  <reporter-output>
  </reporter-output>
  <suite name="CNBC Automation Script" duration-ms="71758" started-at="2018-04-28T23:12:20Z" finished-at="2018-04-28T23:13:31Z">
    <groups>
    </groups>
    <test name="CNBC Home" duration-ms="71758" started-at="2018-04-28T23:12:20Z" finished-at="2018-04-28T23:13:31Z">
      <class name="homepagetest.TestMenu">
        <test-method status="PASS" signature="setUp(boolean, java.lang.String, java.lang.String, java.lang.String, java.lang.String, java.lang.String, java.lang.String)[pri:0, instance:homepagetest.TestMenu@4f970963]" name="setUp" is-config="true" duration-ms="6929" started-at="2018-04-28T23:13:18Z" finished-at="2018-04-28T23:13:25Z">
          <params>
            <param index="0">
              <value>
                <![CDATA[false]]>
              </value>
            </param>
            <param index="1">
              <value>
                <![CDATA[false]]>
              </value>
            </param>
            <param index="2">
              <value>
                <![CDATA[Windows]]>
              </value>
            </param>
            <param index="3">
              <value>
                <![CDATA[10]]>
              </value>
            </param>
            <param index="4">
              <value>
                <![CDATA[chrome]]>
              </value>
            </param>
            <param index="5">
              <value>
                <![CDATA[34]]>
              </value>
            </param>
            <param index="6">
              <value>
                <![CDATA[https://www.cnbc.com/]]>
              </value>
            </param>
          </params>
          <reporter-output>
          </reporter-output>
        </test-method> <!-- setUp -->
        <test-method status="PASS" signature="testMenu()[pri:0, instance:homepagetest.TestMenu@4f970963]" name="testMenu" duration-ms="305" started-at="2018-04-28T23:13:25Z" finished-at="2018-04-28T23:13:25Z">
          <reporter-output>
          </reporter-output>
        </test-method> <!-- testMenu -->
        <test-method status="PASS" signature="afterMethod()[pri:0, instance:homepagetest.TestMenu@4f970963]" name="afterMethod" is-config="true" duration-ms="6104" started-at="2018-04-28T23:13:25Z" finished-at="2018-04-28T23:13:31Z">
          <reporter-output>
          </reporter-output>
        </test-method> <!-- afterMethod -->
      </class> <!-- homepagetest.TestMenu -->
      <class name="homepagetest.TestSearch">
        <test-method status="PASS" signature="setUp(boolean, java.lang.String, java.lang.String, java.lang.String, java.lang.String, java.lang.String, java.lang.String)[pri:0, instance:homepagetest.TestSearch@65e2dbf3]" name="setUp" is-config="true" duration-ms="7868" started-at="2018-04-28T23:12:20Z" finished-at="2018-04-28T23:12:27Z">
          <params>
            <param index="0">
              <value>
                <![CDATA[false]]>
              </value>
            </param>
            <param index="1">
              <value>
                <![CDATA[false]]>
              </value>
            </param>
            <param index="2">
              <value>
                <![CDATA[Windows]]>
              </value>
            </param>
            <param index="3">
              <value>
                <![CDATA[10]]>
              </value>
            </param>
            <param index="4">
              <value>
                <![CDATA[chrome]]>
              </value>
            </param>
            <param index="5">
              <value>
                <![CDATA[34]]>
              </value>
            </param>
            <param index="6">
              <value>
                <![CDATA[https://www.cnbc.com/]]>
              </value>
            </param>
          </params>
          <reporter-output>
          </reporter-output>
        </test-method> <!-- setUp -->
        <test-method status="PASS" signature="search()[pri:0, instance:homepagetest.TestSearch@65e2dbf3]" name="search" duration-ms="3156" started-at="2018-04-28T23:12:27Z" finished-at="2018-04-28T23:12:31Z">
          <reporter-output>
          </reporter-output>
        </test-method> <!-- search -->
        <test-method status="PASS" signature="afterMethod()[pri:0, instance:homepagetest.TestSearch@65e2dbf3]" name="afterMethod" is-config="true" duration-ms="6065" started-at="2018-04-28T23:12:31Z" finished-at="2018-04-28T23:12:37Z">
          <reporter-output>
          </reporter-output>
        </test-method> <!-- afterMethod -->
        <test-method status="PASS" signature="setUp(boolean, java.lang.String, java.lang.String, java.lang.String, java.lang.String, java.lang.String, java.lang.String)[pri:0, instance:homepagetest.TestSearch@65e2dbf3]" name="setUp" is-config="true" duration-ms="6584" started-at="2018-04-28T23:12:37Z" finished-at="2018-04-28T23:12:43Z">
          <params>
            <param index="0">
              <value>
                <![CDATA[false]]>
              </value>
            </param>
            <param index="1">
              <value>
                <![CDATA[false]]>
              </value>
            </param>
            <param index="2">
              <value>
                <![CDATA[Windows]]>
              </value>
            </param>
            <param index="3">
              <value>
                <![CDATA[10]]>
              </value>
            </param>
            <param index="4">
              <value>
                <![CDATA[chrome]]>
              </value>
            </param>
            <param index="5">
              <value>
                <![CDATA[34]]>
              </value>
            </param>
            <param index="6">
              <value>
                <![CDATA[https://www.cnbc.com/]]>
              </value>
            </param>
          </params>
          <reporter-output>
          </reporter-output>
        </test-method> <!-- setUp -->
        <test-method status="PASS" signature="testSeartch()[pri:0, instance:homepagetest.TestSearch@65e2dbf3]" name="testSeartch" duration-ms="28449" started-at="2018-04-28T23:12:43Z" finished-at="2018-04-28T23:13:12Z">
          <reporter-output>
          </reporter-output>
        </test-method> <!-- testSeartch -->
        <test-method status="PASS" signature="afterMethod()[pri:0, instance:homepagetest.TestSearch@65e2dbf3]" name="afterMethod" is-config="true" duration-ms="6275" started-at="2018-04-28T23:13:12Z" finished-at="2018-04-28T23:13:18Z">
          <reporter-output>
          </reporter-output>
        </test-method> <!-- afterMethod -->
      </class> <!-- homepagetest.TestSearch -->
    </test> <!-- CNBC Home -->
  </suite> <!-- CNBC Automation Script -->
</testng-results>
