<?xml version="1.0" encoding="UTF-8"?>
<!-- Generated by org.testng.reporters.JUnitXMLReporter -->
<testsuite hostname="DESKTOP-H4MFR2P" ignored="0" name="Kaiser SignIn" tests="5" failures="0" timestamp="28 Apr 2018 19:33:50 GMT" time="188.917" errors="0">
  <testcase name="signIn" time="6.943" classname="authentication.TestAuthentication"/>
  <testcase name="testPopUp" time="5.432" classname="authentication.TestPopUpWindow"/>
  <testcase name="testPopUp" time="10.603" classname="authentication.TestSignOut"/>
  <testcase name="linkText" time="18.082" classname="linktext.HandleLinkText"/>
  <testcase name="search" time="47.832" classname="home.TestSearchOptions"/>
</testsuite> <!-- Kaiser SignIn -->
