<?xml version="1.0" encoding="UTF-8"?>
<!-- Generated by org.testng.reporters.JUnitXMLReporter -->
<testsuite hostname="GC-lenovo" ignored="0" name="CNBC Home" tests="3" failures="0" timestamp="28 Apr 2018 23:13:31 GMT" time="71.758" errors="0">
  <testcase name="search" time="3.156" classname="homepagetest.TestSearch"/>
  <testcase name="testSeartch" time="28.449" classname="homepagetest.TestSearch"/>
  <testcase name="testMenu" time="0.305" classname="homepagetest.TestMenu"/>
</testsuite> <!-- CNBC Home -->
