<?xml version="1.0" encoding="UTF-8"?>
<!-- Generated by org.testng.reporters.JUnitXMLReporter -->
<testsuite hostname="GC-lenovo" ignored="0" name="CNBC Home" tests="3" failures="0" timestamp="28 Apr 2018 19:23:29 GMT" time="70.04" errors="0">
  <testcase name="search" time="2.201" classname="homepagetest.TestSearch"/>
  <testcase name="testSeartch" time="28.137" classname="homepagetest.TestSearch"/>
  <testcase name="testMenu" time="0.242" classname="homepagetest.TestMenu"/>
</testsuite> <!-- CNBC Home -->
